<?xml version="1.0" encoding="UTF-8"?>
<!-- Generated by org.testng.reporters.JUnitReportReporter -->
<testsuite skipped="0" hostname="lenovo" name="com.selauto.tests.My2Test" tests="1" failures="0" timestamp="12 Aug 2017 12:38:13 GMT" time="6.887" errors="0">
  <testcase name="TestMethod" time="6.887" classname="com.selauto.tests.My2Test"/>
</testsuite> <!-- com.selauto.tests.My2Test -->
