<?xml version="1.0" encoding="UTF-8"?>
<!-- Generated by org.testng.reporters.JUnitReportReporter -->
<testsuite skipped="0" hostname="lenovo" name="com.selauto.tests.MyTest" tests="1" failures="0" timestamp="12 Aug 2017 12:08:54 GMT" time="113.867" errors="0">
  <testcase name="firstTest" time="113.867" classname="com.selauto.tests.MyTest"/>
</testsuite> <!-- com.selauto.tests.MyTest -->
