<?xml version="1.0" encoding="UTF-8"?>
<!-- Generated by org.testng.reporters.JUnitReportReporter -->
<testsuite skipped="0" hostname="lenovo" name="com.selauto.MyTest" tests="1" failures="0" timestamp="29 Jul 2017 13:46:19 GMT" time="12.900" errors="0">
  <testcase name="firstTest" time="12.900" classname="com.selauto.MyTest"/>
</testsuite> <!-- com.selauto.MyTest -->
